2024-11-06T21:43:27.330Z [INFO]: GET /api/users/670a78029cf589279b6fe51e
2024-11-06T21:43:27.340Z [INFO]: Usuario obtenido: 670a78029cf589279b6fe51e
2024-11-06T21:43:38.815Z [INFO]: GET /api/users/670a78029cf589239b6fe51e
2024-11-06T21:43:38.816Z [WARN]: Usuario no encontrado: 670a78029cf589239b6fe51e
2024-11-06T21:50:01.417Z [INFO]: GET /api/users/670a78029cf589239b6fe51e
2024-11-06T21:50:01.425Z [WARN]: Usuario no encontrado: 670a78029cf589239b6fe51e
2024-11-06T21:50:01.425Z [ERROR]: Error al obtener el usuario: Not Found
2024-11-06T21:53:41.087Z [INFO]: GET /api/users/670a78029cf589239b6fe51e
2024-11-06T21:53:41.095Z [WARN]: Usuario no encontrado: 670a78029cf589239b6fe51e
2024-11-06T21:53:41.095Z [ERROR]: Error al obtener el usuario: Not Found
2024-11-06T21:53:49.095Z [INFO]: POST /api/users/670a78029cf589239b6fe51e
2024-11-06T21:54:10.574Z [INFO]: POST /api/sessions/register
2024-11-06T21:54:10.584Z [WARN]: El usuario con email pepegrillo@gmail.com ya existe
2024-11-06T21:58:54.949Z [INFO]: GET /api/users/670a78029cf58929b6fe51e
2024-11-06T21:58:54.954Z [ERROR]: Error al obtener el usuario: Cast to ObjectId failed for value "670a78029cf58929b6fe51e" (type string) at path "_id" for model "Users"
2024-11-06T21:59:14.801Z [INFO]: GET /api/users
2024-11-06T21:59:14.812Z [INFO]: Usuarios obtenidos correctamente
2024-11-06T21:59:17.958Z [INFO]: GET /api/users/670a78029cf58929b6fe51e
2024-11-06T21:59:17.959Z [ERROR]: Error al obtener el usuario: Cast to ObjectId failed for value "670a78029cf58929b6fe51e" (type string) at path "_id" for model "Users"
2024-11-06T22:14:02.552Z [INFO]: GET /api/users/670a78029cf589279b6fe51e
2024-11-06T22:14:02.555Z [INFO]: Usuario obtenido: 670a78029cf589279b6fe51e
2024-11-06T22:14:08.186Z [INFO]: GET /api/users/670a78029cf589229b6fe51e
2024-11-06T22:14:08.188Z [WARN]: Usuario no encontrado: 670a78029cf589229b6fe51e
2024-11-06T22:14:08.189Z [ERROR]: Error al obtener el usuario: Not Found
2024-11-06T22:14:21.365Z [INFO]: POST /api/users/
2024-11-06T22:14:37.883Z [INFO]: POST /api/sessions/register
2024-11-06T22:14:37.885Z [WARN]: El usuario con email pepegrillo@gmail.com ya existe
2024-11-06T22:14:49.070Z [INFO]: POST /api/sessions/register
2024-11-06T22:14:49.070Z [WARN]: Valores incompletos al registrar un usuario
2024-11-06T22:19:03.361Z [INFO]: POST /api/sessions/register
2024-11-06T22:19:03.364Z [WARN]: El usuario con email pepegrillo@gmail.com ya existe
2024-11-06T22:19:19.926Z [INFO]: GET /api/users/670a78029cf589279b6fe51e
2024-11-06T22:19:19.928Z [INFO]: Usuario obtenido: 670a78029cf589279b6fe51e
2024-11-06T22:19:24.086Z [INFO]: GET /api/users/670a78029cf589209b6fe51e
2024-11-06T22:19:24.088Z [WARN]: Usuario no encontrado: 670a78029cf589209b6fe51e
2024-11-06T22:19:24.088Z [ERROR]: Error al obtener el usuario: Not Found
2024-11-06T22:19:48.439Z [INFO]: GET /api/users/670a78029cf589209b6fe51e
2024-11-06T22:19:48.447Z [WARN]: Usuario no encontrado: 670a78029cf589209b6fe51e
2024-11-06T22:19:48.447Z [ERROR]: Error al obtener el usuario: Not Found
2024-11-06T22:22:46.061Z [INFO]: GET /api/users/10234safd305
2024-11-06T22:22:46.069Z [WARN]: Usuario no encontrado: 10234safd305
2024-11-06T22:22:46.069Z [ERROR]: Error al obtener el usuario: Not Found
2024-11-06T22:22:58.790Z [INFO]: GET /api/users/10234safd305hsha
2024-11-06T22:22:58.791Z [ERROR]: Error al obtener el usuario: Cast to ObjectId failed for value "10234safd305hsha" (type string) at path "_id" for model "Users"
2024-11-06T22:23:04.053Z [INFO]: GET /api/users/10234safd305hsha
2024-11-06T22:23:04.054Z [ERROR]: Error al obtener el usuario: Cast to ObjectId failed for value "10234safd305hsha" (type string) at path "_id" for model "Users"
2024-11-06T22:26:28.511Z [INFO]: GET /api/users/670a78029cf589209b6fe51e
2024-11-06T22:26:28.513Z [WARN]: Usuario no encontrado: 670a78029cf589209b6fe51e
2024-11-06T22:26:28.513Z [ERROR]: Error al obtener el usuario: Not Found
2024-11-06T22:26:34.079Z [INFO]: GET /api/users/670a78029cf589279b6fe51e
2024-11-06T22:26:34.083Z [INFO]: Usuario obtenido: 670a78029cf589279b6fe51e
2024-11-06T22:29:43.079Z [INFO]: GET /api/sessions/login
2024-11-06T22:30:47.413Z [INFO]: POST /api/sessions/login
2024-11-06T22:30:47.477Z [WARN]: Contraseña incorrecta para el usuario pepegrillo@gmail.com
2024-11-06T22:30:47.477Z [ERROR]: Error al iniciar sesión: [object Object]
2024-11-06T22:31:44.957Z [INFO]: POST /api/sessions/login
2024-11-06T22:31:45.017Z [WARN]: Contraseña incorrecta para el usuario pepegrillo@gmail.com
2024-11-06T22:32:02.808Z [INFO]: POST /api/sessions/login
2024-11-06T22:32:02.869Z [WARN]: Contraseña incorrecta para el usuario pepegrillo@gmail.com
2024-11-06T22:32:02.869Z [ERROR]: Error al iniciar sesión: "[object Object]"
2024-11-06T22:32:30.281Z [INFO]: POST /api/sessions/login
2024-11-06T22:32:30.341Z [WARN]: Contraseña incorrecta para el usuario pepegrillo@gmail.com
2024-11-06T22:32:30.341Z [ERROR]: Error al iniciar sesión: 
2024-11-06T22:33:00.549Z [INFO]: POST /api/sessions/login
2024-11-06T22:33:00.609Z [WARN]: Contraseña incorrecta para el usuario pepegrillo@gmail.com
2024-11-06T22:33:00.609Z [ERROR]: Error al iniciar sesión: [object Object]
2024-11-06T22:33:32.697Z [INFO]: POST /api/sessions/login
2024-11-06T22:33:32.757Z [WARN]: Contraseña incorrecta para el usuario pepegrillo@gmail.com
2024-11-06T22:33:32.758Z [ERROR]: Error al iniciar sesión: [object Object]
2024-11-06T22:33:48.153Z [INFO]: POST /api/sessions/login
2024-11-06T22:33:48.213Z [WARN]: Contraseña incorrecta para el usuario pepegrillo@gmail.com
2024-11-06T22:33:48.213Z [ERROR]: Error al iniciar sesión: Contraseña incorrecta
2024-11-06T23:49:06.007Z [INFO]: POST /api/sessions/login
2024-11-06T23:49:06.067Z [WARN]: Contraseña incorrecta para el usuario pepegrillo@gmail.com
2024-11-06T23:49:06.068Z [ERROR]: Error al iniciar sesión: Contraseña incorrecta
2024-11-06T23:49:46.622Z [INFO]: POST /api/sessions/login
2024-11-06T23:49:46.629Z [WARN]: El usuario con email pepegrillo1@gmail.com no existe
2024-11-06T23:49:46.630Z [ERROR]: Error al iniciar sesión: El usuario con email pepegrillo1@gmail.com no existe
2024-11-06T23:52:17.335Z [INFO]: POST /api/sessions/login
2024-11-06T23:52:17.338Z [WARN]: Valores incompletos al iniciar sesión
2024-11-06T23:52:17.338Z [ERROR]: Error al iniciar sesión: Valores incompletos
2024-11-07T00:08:00.226Z [INFO]: DELETE /api/pets/af13213a54fa5
2024-11-07T00:08:14.724Z [INFO]: DELETE /api/pets/af13213a54fa5
2024-11-07T00:08:44.217Z [INFO]: PUT /api/pets/670a79199cf589279b6fe521
2024-11-07T00:09:41.837Z [INFO]: PUT /api/pets/670a79199cf589279b6fe521
2024-11-07T00:30:45.959Z [INFO]: PUT /api/pets/670a79199cf589279b6fe521
2024-11-07T00:41:42.027Z [INFO]: POST /api/pets/
2024-11-07T00:41:42.030Z [ERROR]: Valores incompletos al crear una mascota
2024-11-07T00:42:02.252Z [INFO]: POST /api/pets/
2024-11-07T00:42:02.254Z [ERROR]: Valores incompletos al crear una mascota
2024-11-07T00:47:35.880Z [INFO]: POST /api/chars/
2024-11-07T01:07:36.054Z [INFO]: GET /api-docs
2024-11-07T01:07:36.060Z [INFO]: GET /api-docs/
2024-11-07T01:07:36.075Z [INFO]: GET /api-docs/swagger-ui.css
2024-11-07T01:07:36.079Z [INFO]: GET /api-docs/swagger-ui-bundle.js
2024-11-07T01:07:36.080Z [INFO]: GET /api-docs/swagger-ui-standalone-preset.js
2024-11-07T01:07:36.080Z [INFO]: GET /api-docs/swagger-ui-init.js
2024-11-07T01:07:36.267Z [INFO]: GET /api-docs/favicon-32x32.png
2024-11-07T10:24:17.238Z [INFO]: GET /api/adoptions
2024-11-07T10:24:37.569Z [INFO]: GET /api/adoptions/670a79b89cf589279b6fe527
2024-11-07 21:20:31 [INFO]: Listening on 8080
2024-11-07 21:20:46 [INFO]: Listening on 8080
2024-11-07 21:21:02 [INFO]: Listening on 8080
2024-11-07 21:25:52 [INFO]: Listening on 8080
2024-11-07 21:26:35 [INFO]: Listening on 8080
2024-11-07 21:26:42 [INFO]: Listening on 8080
2024-11-07 21:26:53 [INFO]: Listening on 8080
2024-11-07 21:27:19 [INFO]: Listening on 8080
2024-11-07 21:27:34 [INFO]: Listening on 8080
2024-11-07 21:27:43 [INFO]: Listening on 8080
2024-11-07 21:27:53 [INFO]: Listening on 8080
2024-11-07 21:28:01 [INFO]: Listening on 8080
2024-11-07 21:28:08 [INFO]: Listening on 8080
2024-11-07 21:28:11 [INFO]: Listening on 8080
2024-11-07 21:28:25 [INFO]: Listening on 8080
2024-11-07 21:28:29 [INFO]: Listening on 8080
2024-11-07 21:28:34 [INFO]: Listening on 8080
2024-11-07 21:28:38 [INFO]: Listening on 8080
2024-11-07 21:28:50 [INFO]: Listening on 8080
2024-11-07 21:28:55 [INFO]: Listening on 8080
2024-11-07 21:29:00 [INFO]: Listening on 8080
2024-11-07 21:29:04 [INFO]: Listening on 8080
2024-11-07 21:50:49 [INFO]: GET /api/pets/
2024-11-07 21:51:20 [INFO]: Listening on 8080
2024-11-07 21:51:22 [INFO]: GET /api/pets/
2024-11-07 21:51:22 [ERROR]: Probando error en log
2024-11-07 21:51:33 [INFO]: Listening on 8080
2024-11-07 21:51:36 [INFO]: GET /api/pets/
2024-11-07 21:52:48 [INFO]: Listening on 8080
2024-11-07 21:53:54 [INFO]: Listening on 8080
2024-11-07 21:54:13 [INFO]: Listening on 8080
2024-11-07 21:54:19 [INFO]: Listening on 8080
2024-11-07 21:54:26 [INFO]: Listening on 8080
2024-11-07 21:55:21 [INFO]: Listening on 8080
2024-11-07 21:55:32 [INFO]: Listening on 8080
2024-11-07 21:55:42 [INFO]: Listening on 8080
2024-11-07 21:55:58 [INFO]: Listening on 8080
2024-11-07 21:56:06 [INFO]: Listening on 8080
2024-11-07 21:56:11 [INFO]: Listening on 8080
2024-11-07 21:56:18 [INFO]: Listening on 8080
2024-11-07 21:56:35 [INFO]: Listening on 8080
2024-11-07 21:57:08 [INFO]: Listening on 8080
2024-11-07 21:57:15 [INFO]: Listening on 8080
2024-11-07 21:57:31 [INFO]: Listening on 8080
2024-11-07 21:57:46 [INFO]: Listening on 8080
2024-11-07 21:57:56 [INFO]: Listening on 8080
2024-11-07 22:15:49 [INFO]: GET /api/adoptions
2024-11-09 15:30:56 [INFO]: Listening on 8080
2024-11-09 15:31:29 [INFO]: Listening on 8080
2024-11-09 15:32:58 [INFO]: POST /api/sessions/register
2024-11-09 15:32:58 [INFO]: Usuario registrado con ID: 672faadaae3226b9278fd8b9
2024-11-09 17:35:41 [INFO]: Listening on 8080
2024-11-09 19:42:33 [INFO]: Listening on 8080
2024-11-09 19:43:02 [INFO]: Listening on 8080
2024-11-09 20:12:24 [INFO]: Listening on 8080
2024-11-09 20:15:20 [INFO]: Listening on 8080
2024-11-09 20:20:34 [INFO]: Listening on 8080
2024-11-09 20:21:25 [INFO]: Listening on 8080
2024-11-09 20:22:03 [INFO]: Listening on 8080
2024-11-09 20:22:50 [INFO]: Listening on 8080
2024-11-09 20:23:15 [INFO]: Listening on 8080
2024-11-09 20:23:22 [INFO]: Listening on 8080
2024-11-09 20:23:59 [INFO]: Listening on 8080
2024-11-09 20:24:21 [INFO]: Listening on 8080
2024-11-09 22:48:24 [INFO]: Listening on 8080
2024-11-10 10:48:58 [INFO]: Listening on 8080
2024-11-10 10:56:03 [INFO]: Listening on 8080
2024-11-10 10:56:47 [INFO]: Listening on 8080
2024-11-10 10:58:08 [INFO]: Listening on 8080
2024-11-10 11:21:51 [INFO]: Listening on 8080
2024-11-10 11:24:31 [INFO]: Listening on 8080
2024-11-10 11:25:24 [INFO]: Listening on 8080
2024-11-10 11:27:10 [INFO]: Listening on 8080
2024-11-10 11:28:50 [INFO]: Listening on 8080
2024-11-10 11:29:10 [INFO]: Listening on 8080
2024-11-10 11:29:51 [INFO]: Listening on 8080
2024-11-10 11:29:51 [INFO]: GET /api/adoptions
2024-11-10 11:29:51 [INFO]: GET /api/adoptions/idDePrueba
2024-11-10 11:29:51 [ERROR]: Cast to ObjectId failed for value "idDePrueba" (type string) at path "_id" for model "Adoptions"
2024-11-10 11:29:51 [INFO]: POST /api/adoptions
2024-11-10 11:29:51 [INFO]: PUT /api/adoptions/idDePrueba
2024-11-10 11:29:51 [INFO]: DELETE /api/adoptions/idDePrueba
2024-11-10 11:31:14 [INFO]: Listening on 8080
2024-11-10 11:31:14 [INFO]: GET /api/adoptions
2024-11-10 11:31:14 [INFO]: GET /api/adoptions/idDePrueba
2024-11-10 11:31:14 [ERROR]: Cast to ObjectId failed for value "idDePrueba" (type string) at path "_id" for model "Adoptions"
2024-11-10 11:31:14 [INFO]: POST /api/adoptions
2024-11-10 11:31:14 [INFO]: PUT /api/adoptions/idDePrueba
2024-11-10 11:31:14 [INFO]: DELETE /api/adoptions/idDePrueba
2024-11-10 11:33:04 [INFO]: Listening on 8080
2024-11-10 11:33:04 [INFO]: GET /api/adoptions
2024-11-10 11:33:04 [INFO]: GET /api/adoptions/6714799e3f9676d7f295e345
2024-11-10 11:33:04 [INFO]: POST /api/adoptions
2024-11-10 11:33:04 [INFO]: PUT /api/adoptions/6714799e3f9676d7f295e345
2024-11-10 11:33:04 [INFO]: DELETE /api/adoptions/idDePrueba
2024-11-10 11:34:52 [INFO]: Listening on 8080
2024-11-10 11:34:52 [INFO]: GET /api/adoptions
2024-11-10 11:34:52 [INFO]: GET /api/adoptions/6714799e3f9676d7f295e345
2024-11-10 11:34:52 [INFO]: POST /api/adoptions
2024-11-10 11:34:52 [INFO]: PUT /api/adoptions/6714799e3f9676d7f295e345
2024-11-10 11:34:52 [INFO]: DELETE /api/adoptions/idDePrueba
2024-11-10 11:35:14 [INFO]: Listening on 8080
2024-11-10 11:35:14 [INFO]: GET /api/adoptions
2024-11-10 11:35:15 [INFO]: GET /api/adoptions/6714799e3f9676d7f295e345
2024-11-10 11:35:15 [INFO]: POST /api/adoptions
2024-11-10 11:35:15 [INFO]: PUT /api/adoptions/6714799e3f9676d7f295e345
2024-11-10 11:35:15 [INFO]: DELETE /api/adoptions/idDePrueba
2024-11-10 11:36:28 [INFO]: GET /api/adoptions/6714799e3f9676d7f295e345
2024-11-10 11:37:23 [INFO]: Listening on 8080
2024-11-10 11:37:23 [INFO]: GET /api/adoptions
2024-11-10 11:37:23 [INFO]: GET /api/adoptions/6714799e3f9676d7f295e345
2024-11-10 11:37:23 [INFO]: POST /api/adoptions
2024-11-10 11:37:23 [INFO]: PUT /api/adoptions/6714799e3f9676d7f295e345
2024-11-10 11:37:23 [INFO]: DELETE /api/adoptions/idDePrueba
2024-11-10 11:38:07 [INFO]: Listening on 8080
2024-11-10 11:38:07 [INFO]: GET /api/adoptions
2024-11-10 11:38:07 [INFO]: GET /api/adoptions/6714799e3f9676d7f295e345
2024-11-10 11:38:07 [INFO]: POST /api/adoptions
2024-11-10 11:38:07 [INFO]: PUT /api/adoptions/6714799e3f9676d7f295e345
2024-11-10 11:38:07 [INFO]: DELETE /api/adoptions/idDePrueba
2024-11-10 11:42:00 [INFO]: Listening on 8080
2024-11-10 11:42:00 [INFO]: GET /api/adoptions
2024-11-10 11:42:00 [INFO]: GET /api/adoptions/6714799e3f9676d7f295e345
2024-11-10 11:42:00 [INFO]: POST /api/adoptions/670aa0ddb444ed61bd3f9c01/670aa0ddb444ed61bd3f9c09
2024-11-10 11:42:00 [INFO]: PUT /api/adoptions/6714799e3f9676d7f295e345
2024-11-10 11:42:00 [INFO]: DELETE /api/adoptions/idDePrueba
2024-11-10 11:44:14 [INFO]: Listening on 8080
2024-11-10 11:44:14 [INFO]: GET /api/adoptions
2024-11-10 11:44:14 [INFO]: GET /api/adoptions/6714799e3f9676d7f295e345
2024-11-10 11:44:14 [INFO]: POST /api/adoptions/670aa0ddb444ed61bd3f9c01/670aa0ddb444ed61bd3f9c09
2024-11-10 11:44:14 [WARN]: La mascota ya ha sido adoptada
2024-11-10 11:44:14 [ERROR]: La mascota ya ha sido adoptada
2024-11-10 11:44:14 [INFO]: PUT /api/adoptions/6714799e3f9676d7f295e345
2024-11-10 11:44:14 [INFO]: DELETE /api/adoptions/idDePrueba
2024-11-10 11:44:53 [INFO]: Listening on 8080
2024-11-10 11:44:53 [INFO]: GET /api/adoptions
2024-11-10 11:44:53 [INFO]: GET /api/adoptions/6714799e3f9676d7f295e345
2024-11-10 11:44:53 [INFO]: POST /api/adoptions/670aa0ddb444ed61bd3f9c01/670aa0ddb444ed61bd3f9c09
2024-11-10 11:44:53 [WARN]: La mascota ya ha sido adoptada
2024-11-10 11:44:53 [ERROR]: La mascota ya ha sido adoptada
2024-11-10 11:44:53 [INFO]: PUT /api/adoptions/6714799e3f9676d7f295e345
2024-11-10 11:44:53 [INFO]: DELETE /api/adoptions/idDePrueba
2024-11-10 11:45:27 [INFO]: POST /api/adoptions/670acbe23a896852f0570004/670aa0f5b444ed61bd3f9c12
2024-11-10 11:46:27 [INFO]: Listening on 8080
2024-11-10 11:46:27 [INFO]: GET /api/adoptions
2024-11-10 11:46:27 [INFO]: GET /api/adoptions/6714799e3f9676d7f295e345
2024-11-10 11:46:27 [INFO]: POST /api/adoptions/670acbe23a896852f0570004/670aa0f5b444ed61bd3f9c12
2024-11-10 11:46:27 [WARN]: La mascota ya ha sido adoptada
2024-11-10 11:46:27 [ERROR]: La mascota ya ha sido adoptada
2024-11-10 11:46:27 [INFO]: PUT /api/adoptions/6714799e3f9676d7f295e345
2024-11-10 11:46:27 [INFO]: DELETE /api/adoptions/idDePrueba
2024-11-10 11:46:43 [INFO]: Listening on 8080
2024-11-10 11:46:43 [INFO]: GET /api/adoptions
2024-11-10 11:46:43 [INFO]: GET /api/adoptions/6714799e3f9676d7f295e345
2024-11-10 11:46:43 [INFO]: POST /api/adoptions/670acbe23a896852f0570004/670c90788f479ad3a1218a02
2024-11-10 11:46:43 [WARN]: Mascota no encontrada: 670c90788f479ad3a1218a02
2024-11-10 11:46:43 [ERROR]: Mascota no encontrada
2024-11-10 11:46:43 [INFO]: PUT /api/adoptions/6714799e3f9676d7f295e345
2024-11-10 11:46:43 [INFO]: DELETE /api/adoptions/idDePrueba
2024-11-10 11:47:06 [INFO]: Listening on 8080
2024-11-10 11:47:06 [INFO]: GET /api/adoptions
2024-11-10 11:47:06 [INFO]: GET /api/adoptions/6714799e3f9676d7f295e345
2024-11-10 11:47:06 [INFO]: POST /api/adoptions/670acbe23a896852f0570004/671480bbc15182fedc314349
2024-11-10 11:47:06 [INFO]: PUT /api/adoptions/6714799e3f9676d7f295e345
2024-11-10 11:47:06 [INFO]: DELETE /api/adoptions/idDePrueba
2024-11-10 12:01:57 [INFO]: Listening on 8080
2024-11-10 12:01:57 [INFO]: GET /api/adoptions
2024-11-10 12:01:57 [INFO]: GET /api/adoptions/6714799e3f9676d7f295e345
2024-11-10 12:01:57 [INFO]: POST /api/adoptions/670acbe23a896852f0570004/671480bbc15182fedc314349
2024-11-10 12:01:57 [WARN]: La mascota ya ha sido adoptada
2024-11-10 12:01:57 [ERROR]: La mascota ya ha sido adoptada
2024-11-10 12:01:57 [INFO]: PUT /api/adoptions/6714799e3f9676d7f295e345
2024-11-10 12:01:57 [INFO]: DELETE /api/adoptions/idDePrueba
2024-11-10 12:01:57 [INFO]: GET /api/pets
2024-11-10 12:01:57 [INFO]: POST /api/pets
2024-11-10 12:01:57 [INFO]: Mascota creada: {
  name: 'Firulais',
  specie: 'Perro',
  birthDate: 2020-01-01T00:00:00.000Z,
  adopted: false,
  image: '',
  _id: new ObjectId("6730cae54026b996f1b88e75"),
  __v: 0
}
2024-11-10 12:01:57 [INFO]: PUT /api/pets/670c90848f479ad3a1218a10
2024-11-10 12:01:57 [INFO]: DELETE /api/pets/670c90848f479ad3a1218a15
2024-11-10 12:04:40 [INFO]: Listening on 8080
2024-11-10 12:04:40 [INFO]: GET /api/adoptions
2024-11-10 12:04:40 [INFO]: GET /api/adoptions/6714799e3f9676d7f295e345
2024-11-10 12:04:40 [INFO]: POST /api/adoptions/670acbe23a896852f0570004/670c90848f479ad3a1218a11
2024-11-10 12:04:40 [INFO]: PUT /api/adoptions/6714799e3f9676d7f295e345
2024-11-10 12:04:40 [INFO]: DELETE /api/adoptions/idDePrueba
2024-11-10 12:04:40 [INFO]: GET /api/pets
2024-11-10 12:04:40 [INFO]: POST /api/pets
2024-11-10 12:04:40 [INFO]: Mascota creada: {
  name: 'Firulais',
  specie: 'Perro',
  birthDate: 2020-01-01T00:00:00.000Z,
  adopted: false,
  image: '',
  _id: new ObjectId("6730cb885987d44593613fee"),
  __v: 0
}
2024-11-10 12:04:40 [INFO]: PUT /api/pets/670c90848f479ad3a1218a10
2024-11-10 12:04:40 [INFO]: DELETE /api/pets/670c90848f479ad3a1218a15
2024-11-10 12:04:40 [WARN]: No se pudo eliminar la mascota
2024-11-10 12:04:40 [ERROR]: No se pudo eliminar la mascota
2024-11-10 12:07:18 [INFO]: Listening on 8080
2024-11-10 12:07:18 [INFO]: GET /api/adoptions
2024-11-10 12:07:18 [INFO]: GET /api/adoptions/6714799e3f9676d7f295e345
2024-11-10 12:07:18 [INFO]: POST /api/adoptions/670acbe23a896852f0570004/670c90848f479ad3a1218a11
2024-11-10 12:07:18 [WARN]: La mascota ya ha sido adoptada
2024-11-10 12:07:18 [ERROR]: La mascota ya ha sido adoptada
2024-11-10 12:07:18 [INFO]: PUT /api/adoptions/6714799e3f9676d7f295e345
2024-11-10 12:07:18 [INFO]: DELETE /api/adoptions/idDePrueba
2024-11-10 12:07:18 [INFO]: GET /api/pets
2024-11-10 12:07:18 [INFO]: POST /api/pets
2024-11-10 12:07:18 [INFO]: Mascota creada: {
  name: 'Firulais',
  specie: 'Perro',
  birthDate: 2020-01-01T00:00:00.000Z,
  adopted: false,
  image: '',
  _id: new ObjectId("6730cc26c19a5678fa099f4b"),
  __v: 0
}
2024-11-10 12:07:18 [INFO]: PUT /api/pets/670c90848f479ad3a1218a10
2024-11-10 12:07:18 [INFO]: DELETE /api/pets/670c90848f479ad3a1218a15
2024-11-10 12:07:18 [WARN]: No se pudo eliminar la mascota
2024-11-10 12:07:18 [ERROR]: No se pudo eliminar la mascota
2024-11-10 12:08:00 [INFO]: Listening on 8080
2024-11-10 12:08:00 [INFO]: GET /api/adoptions
2024-11-10 12:08:00 [INFO]: GET /api/adoptions/6714799e3f9676d7f295e345
2024-11-10 12:08:00 [INFO]: POST /api/adoptions/670acbe23a896852f0570004/671480bbc15182fedc314349
2024-11-10 12:08:00 [INFO]: PUT /api/adoptions/6714799e3f9676d7f295e345
2024-11-10 12:08:00 [INFO]: DELETE /api/adoptions/idDePrueba
2024-11-10 12:08:00 [INFO]: GET /api/pets
2024-11-10 12:08:00 [INFO]: POST /api/pets
2024-11-10 12:08:00 [INFO]: Mascota creada: {
  name: 'Firulais',
  specie: 'Perro',
  birthDate: 2020-01-01T00:00:00.000Z,
  adopted: false,
  image: '',
  _id: new ObjectId("6730cc5074e0d533d685ca1c"),
  __v: 0
}
2024-11-10 12:08:00 [INFO]: PUT /api/pets/670c90848f479ad3a1218a10
2024-11-10 12:08:00 [INFO]: DELETE /api/pets/670c90848f479ad3a1218a15
2024-11-10 12:08:00 [WARN]: No se pudo eliminar la mascota
2024-11-10 12:08:00 [ERROR]: No se pudo eliminar la mascota
2024-11-10 12:09:38 [INFO]: Listening on 8080
2024-11-10 12:09:38 [INFO]: GET /api/adoptions
2024-11-10 12:09:38 [INFO]: GET /api/adoptions/6714799e3f9676d7f295e345
2024-11-10 12:09:38 [INFO]: POST /api/adoptions/670acbe23a896852f0570004/671480bbc15182fedc314349
2024-11-10 12:09:38 [WARN]: La mascota ya ha sido adoptada
2024-11-10 12:09:38 [ERROR]: La mascota ya ha sido adoptada
2024-11-10 12:09:38 [INFO]: PUT /api/adoptions/6714799e3f9676d7f295e345
2024-11-10 12:09:38 [INFO]: DELETE /api/adoptions/idDePrueba
2024-11-10 12:09:38 [INFO]: GET /api/pets
2024-11-10 12:09:38 [INFO]: POST /api/pets
2024-11-10 12:09:38 [INFO]: Mascota creada: {
  name: 'Firulais',
  specie: 'Perro',
  birthDate: 2020-01-01T00:00:00.000Z,
  adopted: false,
  image: '',
  _id: new ObjectId("6730ccb26eb4f5f06f48fe8c"),
  __v: 0
}
2024-11-10 12:09:38 [INFO]: PUT /api/pets/670c90848f479ad3a1218a10
2024-11-10 12:09:38 [INFO]: DELETE /api/pets/670c90848f479ad3a1218a15
2024-11-10 12:09:38 [WARN]: No se pudo eliminar la mascota
2024-11-10 12:09:38 [ERROR]: No se pudo eliminar la mascota
2024-11-10 12:12:04 [INFO]: Listening on 8080
2024-11-10 12:12:04 [INFO]: GET /api/adoptions
2024-11-10 12:12:04 [INFO]: GET /api/adoptions/6714799e3f9676d7f295e345
2024-11-10 12:12:04 [INFO]: POST /api/adoptions/670acbe23a896852f0570004/671480bbc15182fedc314349
2024-11-10 12:12:04 [WARN]: La mascota ya ha sido adoptada
2024-11-10 12:12:04 [ERROR]: La mascota ya ha sido adoptada
2024-11-10 12:12:04 [INFO]: PUT /api/adoptions/6714799e3f9676d7f295e345
2024-11-10 12:12:04 [INFO]: DELETE /api/adoptions/idDePrueba
2024-11-10 12:12:04 [INFO]: GET /api/pets
2024-11-10 12:12:04 [INFO]: POST /api/pets
2024-11-10 12:12:04 [INFO]: Mascota creada: {
  name: 'Firulais',
  specie: 'Perro',
  birthDate: 2020-01-01T00:00:00.000Z,
  adopted: false,
  image: '',
  _id: new ObjectId("6730cd44317b2429d69d895b"),
  __v: 0
}
2024-11-10 12:12:04 [INFO]: PUT /api/pets/670c90848f479ad3a1218a10
2024-11-10 12:12:04 [INFO]: DELETE /api/pets/670c90848f479ad3a1218a15
2024-11-10 12:12:04 [WARN]: No se pudo eliminar la mascota
2024-11-10 12:12:04 [ERROR]: No se pudo eliminar la mascota
2024-11-10 12:21:54 [INFO]: Listening on 8080
2024-11-10 12:21:54 [INFO]: GET /api/adoptions
2024-11-10 12:21:54 [INFO]: GET /api/adoptions/6714799e3f9676d7f295e345
2024-11-10 12:21:54 [INFO]: GET /api/adoptions/000000000000000000000000
2024-11-10 12:21:54 [WARN]: Adopción no encontrada: 000000000000000000000000
2024-11-10 12:21:54 [ERROR]: Adopción no encontrada
2024-11-10 12:21:54 [INFO]: POST /api/adoptions/670acbe23a896852f0570004/671480bbc15182fedc314349
2024-11-10 12:21:54 [WARN]: La mascota ya ha sido adoptada
2024-11-10 12:21:54 [ERROR]: La mascota ya ha sido adoptada
2024-11-10 12:21:54 [INFO]: POST /api/adoptions/000000000000000000000000/671480bbc15182fedc314349
2024-11-10 12:21:54 [WARN]: Usuario no encontrado: 000000000000000000000000
2024-11-10 12:21:54 [ERROR]: Usuario no encontrado
2024-11-10 12:21:54 [INFO]: POST /api/adoptions/670acbe23a896852f0570004/000000000000000000000000
2024-11-10 12:21:54 [WARN]: Mascota no encontrada: 000000000000000000000000
2024-11-10 12:21:54 [ERROR]: Mascota no encontrada
2024-11-10 12:21:54 [INFO]: POST /api/adoptions/670acbe23a896852f0570004/671480bbc15182fedc314348
2024-11-10 12:21:54 [WARN]: Mascota no encontrada: 671480bbc15182fedc314348
2024-11-10 12:21:54 [ERROR]: Mascota no encontrada
2024-11-10 12:21:54 [INFO]: GET /api/pets
2024-11-10 12:21:54 [INFO]: POST /api/pets
2024-11-10 12:21:54 [INFO]: Mascota creada: {
  name: 'Firulais',
  specie: 'Perro',
  birthDate: 2020-01-01T00:00:00.000Z,
  adopted: false,
  image: '',
  _id: new ObjectId("6730cf926a008d4d370040f7"),
  __v: 0
}
2024-11-10 12:21:54 [INFO]: PUT /api/pets/670c90848f479ad3a1218a10
2024-11-10 12:21:54 [INFO]: DELETE /api/pets/670c90848f479ad3a1218a15
2024-11-10 12:21:54 [WARN]: No se pudo eliminar la mascota
2024-11-10 12:21:54 [ERROR]: No se pudo eliminar la mascota
2024-11-10 12:23:27 [INFO]: Listening on 8080
2024-11-10 12:23:27 [INFO]: GET /api/adoptions
2024-11-10 12:23:27 [INFO]: GET /api/adoptions/6714799e3f9676d7f295e345
2024-11-10 12:23:27 [INFO]: GET /api/adoptions/000000000000000000000000
2024-11-10 12:23:27 [WARN]: Adopción no encontrada: 000000000000000000000000
2024-11-10 12:23:27 [ERROR]: Adopción no encontrada
2024-11-10 12:23:27 [INFO]: POST /api/adoptions/670acbe23a896852f0570004/671480bbc15182fedc314349
2024-11-10 12:23:27 [WARN]: La mascota ya ha sido adoptada
2024-11-10 12:23:27 [ERROR]: La mascota ya ha sido adoptada
2024-11-10 12:23:27 [INFO]: POST /api/adoptions/000000000000000000000000/671480bbc15182fedc314349
2024-11-10 12:23:27 [WARN]: Usuario no encontrado: 000000000000000000000000
2024-11-10 12:23:27 [ERROR]: Usuario no encontrado
2024-11-10 12:23:27 [INFO]: POST /api/adoptions/670acbe23a896852f0570004/000000000000000000000000
2024-11-10 12:23:27 [WARN]: Mascota no encontrada: 000000000000000000000000
2024-11-10 12:23:27 [ERROR]: Mascota no encontrada
2024-11-10 12:23:27 [INFO]: POST /api/adoptions/670acbe23a896852f0570004/670aa0f5b444ed61bd3f9c13
2024-11-10 12:23:27 [INFO]: GET /api/pets
2024-11-10 12:23:27 [INFO]: POST /api/pets
2024-11-10 12:23:27 [INFO]: Mascota creada: {
  name: 'Firulais',
  specie: 'Perro',
  birthDate: 2020-01-01T00:00:00.000Z,
  adopted: false,
  image: '',
  _id: new ObjectId("6730cfefb3885e425f1d5e27"),
  __v: 0
}
2024-11-10 12:23:27 [INFO]: PUT /api/pets/670c90848f479ad3a1218a10
2024-11-10 12:23:27 [INFO]: DELETE /api/pets/670c90848f479ad3a1218a15
2024-11-10 12:23:27 [WARN]: No se pudo eliminar la mascota
2024-11-10 12:23:27 [ERROR]: No se pudo eliminar la mascota
2024-11-10 12:23:39 [INFO]: Listening on 8080
2024-11-10 12:23:39 [INFO]: GET /api/adoptions
2024-11-10 12:23:40 [INFO]: GET /api/adoptions/6714799e3f9676d7f295e345
2024-11-10 12:23:40 [INFO]: GET /api/adoptions/000000000000000000000000
2024-11-10 12:23:40 [WARN]: Adopción no encontrada: 000000000000000000000000
2024-11-10 12:23:40 [ERROR]: Adopción no encontrada
2024-11-10 12:23:40 [INFO]: POST /api/adoptions/670acbe23a896852f0570004/671480bbc15182fedc314349
2024-11-10 12:23:40 [WARN]: La mascota ya ha sido adoptada
2024-11-10 12:23:40 [ERROR]: La mascota ya ha sido adoptada
2024-11-10 12:23:40 [INFO]: POST /api/adoptions/000000000000000000000000/671480bbc15182fedc314349
2024-11-10 12:23:40 [WARN]: Usuario no encontrado: 000000000000000000000000
2024-11-10 12:23:40 [ERROR]: Usuario no encontrado
2024-11-10 12:23:40 [INFO]: POST /api/adoptions/670acbe23a896852f0570004/000000000000000000000000
2024-11-10 12:23:40 [WARN]: Mascota no encontrada: 000000000000000000000000
2024-11-10 12:23:40 [ERROR]: Mascota no encontrada
2024-11-10 12:23:40 [INFO]: POST /api/adoptions/670acbe23a896852f0570004/670aa0f5b444ed61bd3f9c13
2024-11-10 12:23:40 [WARN]: La mascota ya ha sido adoptada
2024-11-10 12:23:40 [ERROR]: La mascota ya ha sido adoptada
2024-11-10 12:23:40 [INFO]: GET /api/pets
2024-11-10 12:23:40 [INFO]: POST /api/pets
2024-11-10 12:23:40 [INFO]: Mascota creada: {
  name: 'Firulais',
  specie: 'Perro',
  birthDate: 2020-01-01T00:00:00.000Z,
  adopted: false,
  image: '',
  _id: new ObjectId("6730cffcaff56e0c333e990f"),
  __v: 0
}
2024-11-10 12:23:40 [INFO]: PUT /api/pets/670c90848f479ad3a1218a10
2024-11-10 12:23:40 [INFO]: DELETE /api/pets/670c90848f479ad3a1218a15
2024-11-10 12:23:40 [WARN]: No se pudo eliminar la mascota
2024-11-10 12:23:40 [ERROR]: No se pudo eliminar la mascota
2024-11-10 13:17:05 [INFO]: Listening on 8080
2024-11-10 13:18:31 [INFO]: Listening on 8080
2024-11-10 13:24:22 [INFO]: GET /api-docs
2024-11-10 13:24:22 [INFO]: GET /api-docs/
2024-11-10 13:24:22 [INFO]: GET /api-docs/swagger-ui.css
2024-11-10 13:24:22 [INFO]: GET /api-docs/swagger-ui-bundle.js
2024-11-10 13:24:22 [INFO]: GET /api-docs/swagger-ui-standalone-preset.js
2024-11-10 13:24:22 [INFO]: GET /api-docs/swagger-ui-init.js
2024-11-10 13:37:53 [INFO]: Listening on 8080
2024-11-10 13:38:36 [INFO]: Listening on 8080
2024-11-10 13:39:02 [INFO]: Listening on 8080
2024-11-10 13:40:08 [INFO]: Listening on 8080
2024-11-10 13:40:49 [INFO]: Listening on 8080
2024-11-10 13:41:44 [INFO]: Listening on 8080
2024-11-10 23:58:22 [INFO]: Listening on 8080
2024-11-10 23:58:23 [INFO]: Listening on 8080
2024-11-10 23:58:29 [INFO]: GET /api-docs
2024-11-10 23:58:29 [INFO]: GET /api-docs/
2024-11-10 23:58:29 [INFO]: GET /api-docs/swagger-ui.css
2024-11-10 23:58:29 [INFO]: GET /api-docs/swagger-ui-bundle.js
2024-11-10 23:58:29 [INFO]: GET /api-docs/swagger-ui-standalone-preset.js
2024-11-10 23:58:29 [INFO]: GET /api-docs/swagger-ui-init.js
2024-11-11 00:01:20 [INFO]: Listening on 8080
2024-11-11 00:01:24 [INFO]: GET /api-docs/
2024-11-11 00:01:24 [INFO]: GET /api-docs/swagger-ui.css
2024-11-11 00:01:24 [INFO]: GET /api-docs/swagger-ui-bundle.js
2024-11-11 00:01:24 [INFO]: GET /api-docs/swagger-ui-standalone-preset.js
2024-11-11 00:01:24 [INFO]: GET /api-docs/swagger-ui-init.js
2024-11-11 00:01:24 [INFO]: GET /api-docs/favicon-32x32.png
2024-11-11 00:03:00 [INFO]: Listening on 8080
2024-11-11 00:03:32 [INFO]: Listening on 8080
2024-11-11 00:03:35 [INFO]: GET /api-docs/
2024-11-11 00:03:35 [INFO]: GET /api-docs/swagger-ui.css
2024-11-11 00:03:35 [INFO]: GET /api-docs/swagger-ui-bundle.js
2024-11-11 00:03:35 [INFO]: GET /api-docs/swagger-ui-standalone-preset.js
2024-11-11 00:03:35 [INFO]: GET /api-docs/swagger-ui-init.js
2024-11-11 00:03:35 [INFO]: GET /api-docs/favicon-32x32.png
2024-11-11 00:04:05 [INFO]: Listening on 8080
2024-11-11 00:04:06 [INFO]: GET /api-docs/
2024-11-11 00:04:06 [INFO]: GET /api-docs/swagger-ui.css
2024-11-11 00:04:06 [INFO]: GET /api-docs/swagger-ui-bundle.js
2024-11-11 00:04:06 [INFO]: GET /api-docs/swagger-ui-standalone-preset.js
2024-11-11 00:04:06 [INFO]: GET /api-docs/swagger-ui-init.js
2024-11-11 00:04:06 [INFO]: GET /api-docs/favicon-32x32.png
2024-11-11 00:04:18 [INFO]: Listening on 8080
2024-11-11 00:06:18 [INFO]: Listening on 8080
2024-11-11 00:06:24 [INFO]: GET /api-docs/
2024-11-11 00:06:24 [INFO]: GET /api-docs/swagger-ui.css
2024-11-11 00:06:24 [INFO]: GET /api-docs/swagger-ui-bundle.js
2024-11-11 00:06:24 [INFO]: GET /api-docs/swagger-ui-standalone-preset.js
2024-11-11 00:06:24 [INFO]: GET /api-docs/swagger-ui-init.js
2024-11-11 00:06:24 [INFO]: GET /api-docs/favicon-32x32.png
2024-11-11 00:08:20 [INFO]: Listening on 8080
2024-11-11 00:08:23 [INFO]: GET /api-docs/
2024-11-11 00:08:23 [INFO]: GET /api-docs/swagger-ui.css
2024-11-11 00:08:23 [INFO]: GET /api-docs/swagger-ui-bundle.js
2024-11-11 00:08:23 [INFO]: GET /api-docs/swagger-ui-standalone-preset.js
2024-11-11 00:08:23 [INFO]: GET /api-docs/swagger-ui-init.js
2024-11-11 00:08:23 [INFO]: GET /api-docs/favicon-32x32.png
2024-11-11 00:09:19 [INFO]: Listening on 8080
2024-11-11 00:09:19 [INFO]: GET /api-docs/
2024-11-11 00:09:19 [INFO]: GET /api-docs/swagger-ui.css
2024-11-11 00:09:19 [INFO]: GET /api-docs/swagger-ui-init.js
2024-11-11 00:09:19 [INFO]: GET /api-docs/swagger-ui-bundle.js
2024-11-11 00:09:19 [INFO]: GET /api-docs/swagger-ui-standalone-preset.js
2024-11-11 00:09:19 [INFO]: GET /api-docs/favicon-32x32.png
2024-11-11 00:09:42 [INFO]: Listening on 8080
2024-11-11 00:11:02 [INFO]: Listening on 8080
2024-11-11 00:11:38 [INFO]: Listening on 8080
2024-11-11 00:11:48 [INFO]: Listening on 8080
2024-11-11 00:11:52 [INFO]: GET /api-docs/
2024-11-11 00:11:52 [INFO]: GET /api-docs/swagger-ui.css
2024-11-11 00:11:52 [INFO]: GET /api-docs/swagger-ui-bundle.js
2024-11-11 00:11:52 [INFO]: GET /api-docs/swagger-ui-standalone-preset.js
2024-11-11 00:11:52 [INFO]: GET /api-docs/swagger-ui-init.js
2024-11-11 00:11:52 [INFO]: GET /api-docs/favicon-32x32.png
2024-11-11 00:12:28 [INFO]: Listening on 8080
2024-11-11 00:12:29 [INFO]: GET /api-docs/
2024-11-11 00:12:29 [INFO]: GET /api-docs/swagger-ui.css
2024-11-11 00:12:29 [INFO]: GET /api-docs/swagger-ui-bundle.js
2024-11-11 00:12:29 [INFO]: GET /api-docs/swagger-ui-standalone-preset.js
2024-11-11 00:12:29 [INFO]: GET /api-docs/swagger-ui-init.js
2024-11-11 00:12:29 [INFO]: GET /api-docs/favicon-32x32.png
2024-11-11 00:12:39 [INFO]: Listening on 8080
2024-11-11 00:15:02 [INFO]: Listening on 8080
2024-11-11 00:15:09 [INFO]: GET /api-docs/
2024-11-11 00:15:09 [INFO]: GET /api-docs/swagger-ui-init.js
2024-11-11 00:15:09 [INFO]: GET /api-docs/swagger-ui.css
2024-11-11 00:15:09 [INFO]: GET /api-docs/swagger-ui-bundle.js
2024-11-11 00:15:09 [INFO]: GET /api-docs/swagger-ui-standalone-preset.js
2024-11-11 00:15:09 [INFO]: GET /api-docs/favicon-32x32.png
2024-11-11 00:15:58 [INFO]: Listening on 8080
2024-11-11 00:16:00 [INFO]: GET /api-docs/
2024-11-11 00:16:00 [INFO]: GET /api-docs/swagger-ui.css
2024-11-11 00:16:00 [INFO]: GET /api-docs/swagger-ui-bundle.js
2024-11-11 00:16:00 [INFO]: GET /api-docs/swagger-ui-standalone-preset.js
2024-11-11 00:16:00 [INFO]: GET /api-docs/swagger-ui-init.js
2024-11-11 00:16:00 [INFO]: GET /api-docs/favicon-32x32.png
2024-11-11 00:16:06 [INFO]: Listening on 8080
2024-11-11 00:16:06 [INFO]: GET /api-docs/
2024-11-11 00:16:06 [INFO]: GET /api-docs/swagger-ui.css
2024-11-11 00:16:06 [INFO]: GET /api-docs/swagger-ui-standalone-preset.js
2024-11-11 00:16:06 [INFO]: GET /api-docs/swagger-ui-bundle.js
2024-11-11 00:16:06 [INFO]: GET /api-docs/swagger-ui-init.js
2024-11-11 00:16:06 [INFO]: GET /api-docs/favicon-32x32.png
2024-11-11 00:16:14 [INFO]: Listening on 8080
2024-11-11 00:16:15 [INFO]: GET /api-docs/
2024-11-11 00:16:15 [INFO]: GET /api-docs/swagger-ui.css
2024-11-11 00:16:15 [INFO]: GET /api-docs/swagger-ui-bundle.js
2024-11-11 00:16:15 [INFO]: GET /api-docs/swagger-ui-standalone-preset.js
2024-11-11 00:16:15 [INFO]: GET /api-docs/swagger-ui-init.js
2024-11-11 00:16:15 [INFO]: GET /api-docs/favicon-32x32.png
2024-11-11 00:16:17 [INFO]: GET /api-docs/
2024-11-11 00:16:17 [INFO]: GET /api-docs/swagger-ui.css
2024-11-11 00:16:17 [INFO]: GET /api-docs/swagger-ui-bundle.js
2024-11-11 00:16:17 [INFO]: GET /api-docs/swagger-ui-standalone-preset.js
2024-11-11 00:16:17 [INFO]: GET /api-docs/swagger-ui-init.js
2024-11-11 00:16:17 [INFO]: GET /api-docs/favicon-32x32.png
2024-11-11 00:16:23 [INFO]: Listening on 8080
2024-11-11 00:16:24 [INFO]: GET /api-docs/
2024-11-11 00:16:24 [INFO]: GET /api-docs/swagger-ui.css
2024-11-11 00:16:24 [INFO]: GET /api-docs/swagger-ui-bundle.js
2024-11-11 00:16:24 [INFO]: GET /api-docs/swagger-ui-standalone-preset.js
2024-11-11 00:16:24 [INFO]: GET /api-docs/swagger-ui-init.js
2024-11-11 00:16:24 [INFO]: GET /api-docs/favicon-32x32.png
2024-11-11 00:16:43 [INFO]: Listening on 8080
2024-11-11 00:16:43 [INFO]: GET /api-docs/
2024-11-11 00:16:43 [INFO]: GET /api-docs/swagger-ui.css
2024-11-11 00:16:43 [INFO]: GET /api-docs/swagger-ui-init.js
2024-11-11 00:16:43 [INFO]: GET /api-docs/swagger-ui-bundle.js
2024-11-11 00:16:43 [INFO]: GET /api-docs/swagger-ui-standalone-preset.js
2024-11-11 00:16:43 [INFO]: GET /api-docs/favicon-32x32.png
2024-11-11 00:16:50 [INFO]: Listening on 8080
2024-11-11 00:16:50 [INFO]: GET /api-docs/
2024-11-11 00:16:50 [INFO]: GET /api-docs/swagger-ui.css
2024-11-11 00:16:50 [INFO]: GET /api-docs/swagger-ui-bundle.js
2024-11-11 00:16:50 [INFO]: GET /api-docs/swagger-ui-standalone-preset.js
2024-11-11 00:16:50 [INFO]: GET /api-docs/swagger-ui-init.js
2024-11-11 00:16:50 [INFO]: GET /api-docs/favicon-32x32.png
2024-11-11 00:16:59 [INFO]: Listening on 8080
2024-11-11 00:16:59 [INFO]: GET /api-docs/
2024-11-11 00:16:59 [INFO]: GET /api-docs/swagger-ui.css
2024-11-11 00:16:59 [INFO]: GET /api-docs/swagger-ui-standalone-preset.js
2024-11-11 00:16:59 [INFO]: GET /api-docs/swagger-ui-init.js
2024-11-11 00:16:59 [INFO]: GET /api-docs/swagger-ui-bundle.js
2024-11-11 00:16:59 [INFO]: GET /api-docs/favicon-32x32.png
2024-11-11 00:23:20 [INFO]: Listening on 8080
2024-11-11 00:24:23 [INFO]: Listening on 8080
2024-11-11 00:25:14 [INFO]: Listening on 8080
2024-11-11 00:26:06 [INFO]: GET /api-docs/
2024-11-11 00:26:06 [INFO]: GET /api-docs/swagger-ui.css
2024-11-11 00:26:06 [INFO]: GET /api-docs/swagger-ui-init.js
2024-11-11 00:26:06 [INFO]: GET /api-docs/swagger-ui-bundle.js
2024-11-11 00:26:06 [INFO]: GET /api-docs/swagger-ui-standalone-preset.js
2024-11-11 00:26:06 [INFO]: GET /api-docs/favicon-32x32.png
2024-11-11 00:28:54 [INFO]: POST /api/mocks/generateData/2/2
2024-11-11 00:29:34 [INFO]: Listening on 8080
2024-11-11 00:29:47 [INFO]: Listening on 8080
2024-11-11 00:29:58 [INFO]: Listening on 8080
2024-11-11 00:30:03 [INFO]: Listening on 8080
2024-11-11 00:30:27 [INFO]: POST /api/mocks/generateData/2/2
2024-11-11 00:30:42 [INFO]: Listening on 8080
2024-11-11 00:30:45 [INFO]: POST /api/mocks/generateData/2/2
2024-11-11 00:31:51 [INFO]: Listening on 8080
2024-11-11 00:32:08 [INFO]: Listening on 8080
2024-11-11 00:32:14 [INFO]: Listening on 8080
2024-11-11 00:32:16 [INFO]: POST /api/mocks/generateData/2/2
2024-11-11 00:32:16 [ERROR]: Error al generar datos de usuarios y mascotas: users is not defined
2024-11-11 00:32:16 [ERROR]: users is not defined
2024-11-11 00:32:58 [INFO]: Listening on 8080
2024-11-11 00:33:01 [INFO]: POST /api/mocks/generateData/2/2
2024-11-11 00:33:01 [ERROR]: Error al generar datos de usuarios y mascotas: users is not defined
2024-11-11 00:34:06 [INFO]: Listening on 8080
2024-11-11 00:34:10 [INFO]: POST /api/mocks/generateData/2/2
2024-11-11 00:34:26 [INFO]: Listening on 8080
2024-11-11 00:34:27 [INFO]: POST /api/mocks/generateData/2/2
2024-11-11 00:38:14 [INFO]: GET /api-docs/
2024-11-11 00:38:14 [INFO]: GET /api-docs/swagger-ui.css
2024-11-11 00:38:14 [INFO]: GET /api-docs/swagger-ui-bundle.js
2024-11-11 00:38:14 [INFO]: GET /api-docs/swagger-ui-standalone-preset.js
2024-11-11 00:38:14 [INFO]: GET /api-docs/swagger-ui-init.js
2024-11-11 00:38:15 [INFO]: GET /api-docs/favicon-32x32.png
2024-11-11 00:38:48 [INFO]: Listening on 8080
2024-11-11 00:38:49 [INFO]: GET /api-docs/
2024-11-11 00:38:49 [INFO]: GET /api-docs/swagger-ui.css
2024-11-11 00:38:49 [INFO]: GET /api-docs/swagger-ui-bundle.js
2024-11-11 00:38:49 [INFO]: GET /api-docs/swagger-ui-standalone-preset.js
2024-11-11 00:38:49 [INFO]: GET /api-docs/swagger-ui-init.js
2024-11-11 00:38:49 [INFO]: GET /api-docs/favicon-32x32.png
2024-11-11 00:38:57 [INFO]: Listening on 8080
2024-11-11 00:38:58 [INFO]: GET /api-docs/
2024-11-11 00:38:58 [INFO]: GET /api-docs/swagger-ui.css
2024-11-11 00:38:58 [INFO]: GET /api-docs/swagger-ui-standalone-preset.js
2024-11-11 00:38:58 [INFO]: GET /api-docs/swagger-ui-init.js
2024-11-11 00:38:58 [INFO]: GET /api-docs/swagger-ui-bundle.js
2024-11-11 00:38:58 [INFO]: GET /api-docs/favicon-32x32.png
2024-11-11 00:39:07 [INFO]: Listening on 8080
2024-11-11 00:39:07 [INFO]: GET /api-docs/
2024-11-11 00:39:07 [INFO]: GET /api-docs/swagger-ui.css
2024-11-11 00:39:07 [INFO]: GET /api-docs/swagger-ui-standalone-preset.js
2024-11-11 00:39:07 [INFO]: GET /api-docs/swagger-ui-init.js
2024-11-11 00:39:07 [INFO]: GET /api-docs/swagger-ui-bundle.js
2024-11-11 00:39:07 [INFO]: GET /api-docs/favicon-32x32.png
2024-11-11 00:40:18 [INFO]: Listening on 8080
2024-11-11 00:41:37 [INFO]: GET /api-docs/
2024-11-11 00:41:37 [INFO]: GET /api-docs/swagger-ui.css
2024-11-11 00:41:37 [INFO]: GET /api-docs/swagger-ui-standalone-preset.js
2024-11-11 00:41:37 [INFO]: GET /api-docs/swagger-ui-init.js
2024-11-11 00:41:37 [INFO]: GET /api-docs/swagger-ui-bundle.js
2024-11-11 00:41:37 [INFO]: GET /api-docs/favicon-32x32.png
