2024-11-06T21:43:38.817Z [ERROR]: Error al obtener el usuario: Not Found
2024-11-06T21:50:01.425Z [ERROR]: Error al obtener el usuario: Not Found
2024-11-06T21:53:41.095Z [ERROR]: Error al obtener el usuario: Not Found
2024-11-06T21:58:54.954Z [ERROR]: Error al obtener el usuario: Cast to ObjectId failed for value "670a78029cf58929b6fe51e" (type string) at path "_id" for model "Users"
2024-11-06T21:59:17.959Z [ERROR]: Error al obtener el usuario: Cast to ObjectId failed for value "670a78029cf58929b6fe51e" (type string) at path "_id" for model "Users"
2024-11-06T22:14:08.189Z [ERROR]: Error al obtener el usuario: Not Found
2024-11-06T22:19:24.088Z [ERROR]: Error al obtener el usuario: Not Found
2024-11-06T22:19:48.447Z [ERROR]: Error al obtener el usuario: Not Found
2024-11-06T22:22:46.069Z [ERROR]: Error al obtener el usuario: Not Found
2024-11-06T22:22:58.791Z [ERROR]: Error al obtener el usuario: Cast to ObjectId failed for value "10234safd305hsha" (type string) at path "_id" for model "Users"
2024-11-06T22:23:04.054Z [ERROR]: Error al obtener el usuario: Cast to ObjectId failed for value "10234safd305hsha" (type string) at path "_id" for model "Users"
2024-11-06T22:26:28.513Z [ERROR]: Error al obtener el usuario: Not Found
2024-11-06T22:30:47.477Z [ERROR]: Error al iniciar sesión: [object Object]
2024-11-06T22:32:02.869Z [ERROR]: Error al iniciar sesión: "[object Object]"
2024-11-06T22:32:30.341Z [ERROR]: Error al iniciar sesión: 
2024-11-06T22:33:00.609Z [ERROR]: Error al iniciar sesión: [object Object]
2024-11-06T22:33:32.758Z [ERROR]: Error al iniciar sesión: [object Object]
2024-11-06T22:33:48.213Z [ERROR]: Error al iniciar sesión: Contraseña incorrecta
2024-11-06T23:49:06.068Z [ERROR]: Error al iniciar sesión: Contraseña incorrecta
2024-11-06T23:49:46.630Z [ERROR]: Error al iniciar sesión: El usuario con email pepegrillo1@gmail.com no existe
2024-11-06T23:52:17.338Z [ERROR]: Error al iniciar sesión: Valores incompletos
2024-11-07T00:41:42.030Z [ERROR]: Valores incompletos al crear una mascota
2024-11-07T00:42:02.254Z [ERROR]: Valores incompletos al crear una mascota
2024-11-07 21:51:22 [ERROR]: Probando error en log
2024-11-10 11:29:51 [ERROR]: Cast to ObjectId failed for value "idDePrueba" (type string) at path "_id" for model "Adoptions"
2024-11-10 11:31:14 [ERROR]: Cast to ObjectId failed for value "idDePrueba" (type string) at path "_id" for model "Adoptions"
2024-11-10 11:44:14 [ERROR]: La mascota ya ha sido adoptada
2024-11-10 11:44:53 [ERROR]: La mascota ya ha sido adoptada
2024-11-10 11:46:27 [ERROR]: La mascota ya ha sido adoptada
2024-11-10 11:46:43 [ERROR]: Mascota no encontrada
2024-11-10 12:01:57 [ERROR]: La mascota ya ha sido adoptada
2024-11-10 12:04:40 [ERROR]: No se pudo eliminar la mascota
2024-11-10 12:07:18 [ERROR]: La mascota ya ha sido adoptada
2024-11-10 12:07:18 [ERROR]: No se pudo eliminar la mascota
2024-11-10 12:08:00 [ERROR]: No se pudo eliminar la mascota
2024-11-10 12:09:38 [ERROR]: La mascota ya ha sido adoptada
2024-11-10 12:09:38 [ERROR]: No se pudo eliminar la mascota
2024-11-10 12:12:04 [ERROR]: La mascota ya ha sido adoptada
2024-11-10 12:12:04 [ERROR]: No se pudo eliminar la mascota
2024-11-10 12:21:54 [ERROR]: Adopción no encontrada
2024-11-10 12:21:54 [ERROR]: La mascota ya ha sido adoptada
2024-11-10 12:21:54 [ERROR]: Usuario no encontrado
2024-11-10 12:21:54 [ERROR]: Mascota no encontrada
2024-11-10 12:21:54 [ERROR]: Mascota no encontrada
2024-11-10 12:21:54 [ERROR]: No se pudo eliminar la mascota
2024-11-10 12:23:27 [ERROR]: Adopción no encontrada
2024-11-10 12:23:27 [ERROR]: La mascota ya ha sido adoptada
2024-11-10 12:23:27 [ERROR]: Usuario no encontrado
2024-11-10 12:23:27 [ERROR]: Mascota no encontrada
2024-11-10 12:23:27 [ERROR]: No se pudo eliminar la mascota
2024-11-10 12:23:40 [ERROR]: Adopción no encontrada
2024-11-10 12:23:40 [ERROR]: La mascota ya ha sido adoptada
2024-11-10 12:23:40 [ERROR]: Usuario no encontrado
2024-11-10 12:23:40 [ERROR]: Mascota no encontrada
2024-11-10 12:23:40 [ERROR]: La mascota ya ha sido adoptada
2024-11-10 12:23:40 [ERROR]: No se pudo eliminar la mascota
